\BOOKMARK [0][-]{chapter*.1}{\376\377\001\014\000e\000s\000t\000n\000\351\000\040\000p\000r\000o\000h\000l\000\341\001\141\000e\000n\000\355\000\040\000\050\001\141\000a\000b\000l\000o\000n\000a\000\051}{}% 1
\BOOKMARK [0][-]{chapter*.2}{\376\377\000P\000o\000d\001\033\000k\000o\000v\000\341\000n\000\355\000\040\000\050\001\141\000a\000b\000l\000o\000n\000a\000\051}{}% 2
\BOOKMARK [0][-]{chapter*.3}{\376\377\000A\000b\000s\000t\000r\000a\000k\000t}{}% 3
\BOOKMARK [0][-]{chapter*.4}{\376\377\000A\000b\000s\000t\000r\000a\000c\000t}{}% 4
\BOOKMARK [0][-]{chapter*.5}{\376\377\000K\000l\000\355\001\015\000o\000v\000\341\000\040\000s\000l\000o\000v\000a}{}% 5
\BOOKMARK [0][-]{chapter.1}{\376\377\000\332\000v\000o\000d}{}% 6
\BOOKMARK [1][-]{section.1.1}{\376\377\000K\000o\000n\000t\000e\000x\000t\000\040\000d\000i\000g\000i\000t\000\341\000l\000n\000\355\000h\000o\000\040\000v\000z\000d\001\033\000l\000\341\000v\000\341\000n\000\355}{chapter.1}% 7
\BOOKMARK [1][-]{section.1.2}{\376\377\000S\000m\000y\000s\000l\000\040\000a\000\040\000m\000e\000s\000s\000a\000g\000e\000\040\000p\000r\000o\000j\000e\000k\000t\000u}{chapter.1}% 8
\BOOKMARK [1][-]{section.1.3}{\376\377\000C\000\355\000l\000\040\000p\000r\000\341\000c\000e}{chapter.1}% 9
\BOOKMARK [1][-]{section.1.4}{\376\377\000V\000\375\000z\000k\000u\000m\000n\000\351\000\040\000o\000t\000\341\000z\000k\000y\000\040\000a\000\040\000h\000y\000p\000o\000t\000\351\000z\000y}{chapter.1}% 10
\BOOKMARK [0][-]{chapter.2}{\376\377\000M\000e\000t\000o\000d\000i\000k\000a\000\040\000p\000r\000\341\000c\000e}{}% 11
\BOOKMARK [1][-]{section.2.1}{\376\377\000M\000e\000t\000o\000d\000o\000l\000o\000g\000i\000c\000k\000\375\000\040\000r\000\341\000m\000e\000c}{chapter.2}% 12
\BOOKMARK [1][-]{section.2.2}{\376\377\000P\000o\000s\000t\000u\000p\000\040\001\131\000e\001\141\000e\000n\000\355}{chapter.2}% 13
\BOOKMARK [1][-]{section.2.3}{\376\377\000P\000r\000i\000n\000c\000i\000p\000\040\000o\000b\000h\000a\000j\000i\000t\000e\000l\000n\000o\000s\000t\000i\000\040\000r\000o\000z\000h\000o\000d\000n\000u\000t\000\355}{chapter.2}% 14
\BOOKMARK [0][-]{chapter.3}{\376\377\000T\000e\000o\000r\000e\000t\000i\000c\000k\000\341\000\040\000v\000\375\000c\000h\000o\000d\000i\000s\000k\000a}{}% 15
\BOOKMARK [1][-]{section.3.1}{\376\377\000K\000o\000m\000p\000e\000t\000e\000n\001\015\000n\001\033\000\040\000o\000r\000i\000e\000n\000t\000o\000v\000a\000n\000\351\000\040\000v\000z\000d\001\033\000l\000\341\000v\000\341\000n\000\355}{chapter.3}% 16
\BOOKMARK [1][-]{section.3.2}{\376\377\000S\000k\000i\000l\000l\000\040\000g\000r\000a\000p\000h\000\040\000a\000\040\000j\000e\000h\000o\000\040\000v\000\375\000z\000n\000a\000m}{chapter.3}% 17
\BOOKMARK [1][-]{section.3.3}{\376\377\000T\000e\000o\000r\000i\000e\000\040\000d\000o\000p\000o\000r\000u\001\015\000o\000v\000a\000c\000\355\000c\000h\000\040\000s\000y\000s\000t\000\351\000m\001\157}{chapter.3}% 18
\BOOKMARK [2][-]{subsection.3.3.1}{\376\377\000R\000u\000l\000e\000-\000b\000a\000s\000e\000d\000\040\000d\000o\000p\000o\000r\000u\001\015\000o\000v\000\341\000n\000\355}{section.3.3}% 19
\BOOKMARK [2][-]{subsection.3.3.2}{\376\377\000C\000o\000n\000t\000e\000n\000t\000-\000b\000a\000s\000e\000d\000\040\000d\000o\000p\000o\000r\000u\001\015\000o\000v\000\341\000n\000\355}{section.3.3}% 20
\BOOKMARK [2][-]{subsection.3.3.3}{\376\377\000C\000o\000l\000l\000a\000b\000o\000r\000a\000t\000i\000v\000e\000\040\000f\000i\000l\000t\000e\000r\000i\000n\000g}{section.3.3}% 21
\BOOKMARK [2][-]{subsection.3.3.4}{\376\377\000S\000\351\000m\000a\000n\000t\000i\000c\000k\000\351\000\040\000d\000o\000p\000o\000r\000u\001\015\000o\000v\000\341\000n\000\355\000\040\000p\000o\000m\000o\000c\000\355\000\040\000e\000m\000b\000e\000d\000d\000i\000n\000g\001\157}{section.3.3}% 22
\BOOKMARK [2][-]{subsection.3.3.5}{\376\377\000H\000y\000b\000r\000i\000d\000n\000\355\000\040\000s\000t\000r\000a\000t\000e\000g\000i\000e}{section.3.3}% 23
\BOOKMARK [1][-]{section.3.4}{\376\377\000G\000a\000m\000i\000f\000i\000k\000a\000c\000e\000\040\000a\000\040\000b\000e\000h\000a\000v\000i\000o\000r\000\341\000l\000n\000\355\000\040\000p\000r\000i\000n\000c\000i\000p\000y}{chapter.3}% 24
\BOOKMARK [1][-]{section.3.5}{\376\377\000Z\000\341\000s\000a\000d\000y\000\040\000n\000\341\000v\000r\000h\000u\000\040\000w\000e\000b\000o\000v\000\375\000c\000h\000\040\000s\000y\000s\000t\000\351\000m\001\157}{chapter.3}% 25
\BOOKMARK [2][-]{subsection.3.5.1}{\376\377\000O\000d\000d\001\033\000l\000e\000n\000\355\000\040\000o\000d\000p\000o\000v\001\033\000d\000n\000o\000s\000t\000\355}{section.3.5}% 26
\BOOKMARK [2][-]{subsection.3.5.2}{\376\377\000R\000E\000S\000T\000\040\000A\000P\000I\000\040\000p\000r\000i\000n\000c\000i\000p\000y}{section.3.5}% 27
\BOOKMARK [2][-]{subsection.3.5.3}{\376\377\000V\000a\000l\000i\000d\000a\000c\000e\000\040\000a\000\040\000b\000e\000z\000p\000e\001\015\000n\000o\000s\000t\000\040\000v\000s\000t\000u\000p\001\157}{section.3.5}% 28
\BOOKMARK [1][-]{section.3.6}{\376\377\000D\000a\000t\000a\000b\000\341\000z\000o\000v\000\341\000\040\000t\000e\000o\000r\000i\000e\000\040\000v\000\040\000p\000r\000a\000x\000i}{chapter.3}% 29
\BOOKMARK [1][-]{section.3.7}{\376\377\000C\000a\000c\000h\000i\000n\000g\000\040\000j\000a\000k\000o\000\040\000s\000y\000s\000t\000\351\000m\000o\000v\000\341\000\040\000o\000p\000t\000i\000m\000a\000l\000i\000z\000a\000c\000e}{chapter.3}% 30
\BOOKMARK [0][-]{chapter.4}{\376\377\000A\000n\000a\000l\000\375\000z\000a\000\040\000k\000o\000n\000k\000u\000r\000e\000n\000c\000e\000\040\000a\000\040\000p\000o\000z\000i\000c\000e\000\040\000S\000k\000i\000l\000l\000H\000u\000b}{}% 31
\BOOKMARK [1][-]{section.4.1}{\376\377\000P\000r\000o\001\015\000\040\000j\000e\000\040\000s\000r\000o\000v\000n\000\341\000n\000\355\000\040\000s\000\040\000k\000o\000n\000k\000u\000r\000e\000n\000c\000\355\000\040\000n\000u\000t\000n\000\351}{chapter.4}% 32
\BOOKMARK [1][-]{section.4.2}{\376\377\000S\000r\000o\000v\000n\000\341\000v\000a\000n\000\351\000\040\000p\000l\000a\000t\000f\000o\000r\000m\000y}{chapter.4}% 33
\BOOKMARK [1][-]{section.4.3}{\376\377\000H\000o\000d\000n\000o\000t\000i\000c\000\355\000\040\000k\000r\000i\000t\000\351\000r\000i\000a}{chapter.4}% 34
\BOOKMARK [1][-]{section.4.4}{\376\377\000P\000o\000r\000o\000v\000n\000\341\000v\000a\000c\000\355\000\040\000m\000a\000t\000i\000c\000e}{chapter.4}% 35
\BOOKMARK [1][-]{section.4.5}{\376\377\000V\000\040\001\015\000e\000m\000\040\000j\000e\000\040\000S\000k\000i\000l\000l\000H\000u\000b\000\040\040\036\000l\000e\000p\001\141\000\355\040\034}{chapter.4}% 36
\BOOKMARK [0][-]{chapter.5}{\376\377\000S\000p\000e\000c\000i\000f\000i\000k\000a\000c\000e\000\040\000p\000o\001\176\000a\000d\000a\000v\000k\001\157}{}% 37
\BOOKMARK [1][-]{section.5.1}{\376\377\000F\000u\000n\000k\001\015\000n\000\355\000\040\000p\000o\001\176\000a\000d\000a\000v\000k\000y}{chapter.5}% 38
\BOOKMARK [1][-]{section.5.2}{\376\377\000N\000e\000f\000u\000n\000k\001\015\000n\000\355\000\040\000p\000o\001\176\000a\000d\000a\000v\000k\000y}{chapter.5}% 39
\BOOKMARK [1][-]{section.5.3}{\376\377\000A\000k\000c\000e\000p\000t\000a\001\015\000n\000\355\000\040\000k\000r\000i\000t\000\351\000r\000i\000a}{chapter.5}% 40
